::1 - - [Fri, 26 Aug 2016 18:02:20 GMT] "GET /errorLoge HTTP/1.1" 200 291 "-" "Mozilla/5.0 (Windows NT 10.0) AppleWebKit/537.36 (KHTML, like Gecko) Chrome/52.0.2743.116 Safari/537.36"
::1 - - [Fri, 26 Aug 2016 18:02:23 GMT] "GET /errorLog HTTP/1.1" 200 - "-" "Mozilla/5.0 (Windows NT 10.0) AppleWebKit/537.36 (KHTML, like Gecko) Chrome/52.0.2743.116 Safari/537.36"
::1 - - [Fri, 26 Aug 2016 18:02:25 GMT] "GET /errorLog HTTP/1.1" 200 - "-" "Mozilla/5.0 (Windows NT 10.0) AppleWebKit/537.36 (KHTML, like Gecko) Chrome/52.0.2743.116 Safari/537.36"
::1 - - [Fri, 26 Aug 2016 18:02:40 GMT] "GET /errorLog HTTP/1.1" 200 - "-" "Mozilla/5.0 (Windows NT 10.0) AppleWebKit/537.36 (KHTML, like Gecko) Chrome/52.0.2743.116 Safari/537.36"
::1 - - [Fri, 26 Aug 2016 18:05:05 GMT] "GET /errorLog HTTP/1.1" 200 - "-" "Mozilla/5.0 (Windows NT 10.0) AppleWebKit/537.36 (KHTML, like Gecko) Chrome/52.0.2743.116 Safari/537.36"
::1 - - [Fri, 26 Aug 2016 18:05:33 GMT] "GET /errorLog HTTP/1.1" 200 - "-" "Mozilla/5.0 (Windows NT 10.0) AppleWebKit/537.36 (KHTML, like Gecko) Chrome/52.0.2743.116 Safari/537.36"
::1 - - [Fri, 26 Aug 2016 18:05:35 GMT] "GET /errorLogs HTTP/1.1" 304 - "-" "Mozilla/5.0 (Windows NT 10.0) AppleWebKit/537.36 (KHTML, like Gecko) Chrome/52.0.2743.116 Safari/537.36"
::1 - - [Fri, 26 Aug 2016 18:05:37 GMT] "GET /errorLog HTTP/1.1" 200 - "-" "Mozilla/5.0 (Windows NT 10.0) AppleWebKit/537.36 (KHTML, like Gecko) Chrome/52.0.2743.116 Safari/537.36"
::1 - - [Fri, 26 Aug 2016 18:14:27 GMT] "GET / HTTP/1.1" 304 - "-" "Mozilla/5.0 (Windows NT 10.0) AppleWebKit/537.36 (KHTML, like Gecko) Chrome/52.0.2743.116 Safari/537.36"
::1 - - [Fri, 26 Aug 2016 18:14:27 GMT] "GET /bootstrap/css/bootstrap.min.css HTTP/1.1" 304 - "http://localhost:3001/" "Mozilla/5.0 (Windows NT 10.0) AppleWebKit/537.36 (KHTML, like Gecko) Chrome/52.0.2743.116 Safari/537.36"
::1 - - [Fri, 26 Aug 2016 18:14:27 GMT] "GET /css/jquery.imgcrop.css HTTP/1.1" 304 - "http://localhost:3001/" "Mozilla/5.0 (Windows NT 10.0) AppleWebKit/537.36 (KHTML, like Gecko) Chrome/52.0.2743.116 Safari/537.36"
::1 - - [Fri, 26 Aug 2016 18:14:27 GMT] "GET /css/main.css HTTP/1.1" 304 - "http://localhost:3001/" "Mozilla/5.0 (Windows NT 10.0) AppleWebKit/537.36 (KHTML, like Gecko) Chrome/52.0.2743.116 Safari/537.36"
::1 - - [Fri, 26 Aug 2016 18:14:27 GMT] "GET /js/jquery-1.12.1.min.js HTTP/1.1" 304 - "http://localhost:3001/" "Mozilla/5.0 (Windows NT 10.0) AppleWebKit/537.36 (KHTML, like Gecko) Chrome/52.0.2743.116 Safari/537.36"
::1 - - [Fri, 26 Aug 2016 18:14:27 GMT] "GET /bootstrap/js/bootstrap.min.js HTTP/1.1" 304 - "http://localhost:3001/" "Mozilla/5.0 (Windows NT 10.0) AppleWebKit/537.36 (KHTML, like Gecko) Chrome/52.0.2743.116 Safari/537.36"
::1 - - [Fri, 26 Aug 2016 18:14:27 GMT] "GET /js/main.js HTTP/1.1" 304 - "http://localhost:3001/" "Mozilla/5.0 (Windows NT 10.0) AppleWebKit/537.36 (KHTML, like Gecko) Chrome/52.0.2743.116 Safari/537.36"
::1 - - [Fri, 26 Aug 2016 18:14:27 GMT] "GET /default.jpg HTTP/1.1" 304 - "http://localhost:3001/" "Mozilla/5.0 (Windows NT 10.0) AppleWebKit/537.36 (KHTML, like Gecko) Chrome/52.0.2743.116 Safari/537.36"
::1 - - [Fri, 26 Aug 2016 18:14:27 GMT] "GET /bootstrap/fonts/glyphicons-halflings-regular.woff2 HTTP/1.1" 304 - "http://localhost:3001/bootstrap/css/bootstrap.min.css" "Mozilla/5.0 (Windows NT 10.0) AppleWebKit/537.36 (KHTML, like Gecko) Chrome/52.0.2743.116 Safari/537.36"
::1 - - [Fri, 26 Aug 2016 18:14:30 GMT] "GET /bootstrap/css/bootstrap.min.css HTTP/1.1" 304 - "http://localhost:3001/" "Mozilla/5.0 (Windows NT 10.0) AppleWebKit/537.36 (KHTML, like Gecko) Chrome/52.0.2743.116 Safari/537.36"
::1 - - [Fri, 26 Aug 2016 18:14:30 GMT] "GET /css/jquery.imgcrop.css HTTP/1.1" 304 - "http://localhost:3001/" "Mozilla/5.0 (Windows NT 10.0) AppleWebKit/537.36 (KHTML, like Gecko) Chrome/52.0.2743.116 Safari/537.36"
::1 - - [Fri, 26 Aug 2016 18:14:30 GMT] "GET /css/main.css HTTP/1.1" 304 - "http://localhost:3001/" "Mozilla/5.0 (Windows NT 10.0) AppleWebKit/537.36 (KHTML, like Gecko) Chrome/52.0.2743.116 Safari/537.36"
::1 - - [Fri, 26 Aug 2016 18:14:31 GMT] "GET /login HTTP/1.1" 304 - "http://localhost:3001/" "Mozilla/5.0 (Windows NT 10.0) AppleWebKit/537.36 (KHTML, like Gecko) Chrome/52.0.2743.116 Safari/537.36"
::1 - - [Fri, 26 Aug 2016 18:14:31 GMT] "GET /bootstrap/css/bootstrap.min.css HTTP/1.1" 304 - "http://localhost:3001/login" "Mozilla/5.0 (Windows NT 10.0) AppleWebKit/537.36 (KHTML, like Gecko) Chrome/52.0.2743.116 Safari/537.36"
::1 - - [Fri, 26 Aug 2016 18:14:31 GMT] "GET /css/jquery.imgcrop.css HTTP/1.1" 304 - "http://localhost:3001/login" "Mozilla/5.0 (Windows NT 10.0) AppleWebKit/537.36 (KHTML, like Gecko) Chrome/52.0.2743.116 Safari/537.36"
::1 - - [Fri, 26 Aug 2016 18:14:31 GMT] "GET /css/main.css HTTP/1.1" 304 - "http://localhost:3001/login" "Mozilla/5.0 (Windows NT 10.0) AppleWebKit/537.36 (KHTML, like Gecko) Chrome/52.0.2743.116 Safari/537.36"
::1 - - [Fri, 26 Aug 2016 18:14:31 GMT] "GET /js/jquery-1.12.1.min.js HTTP/1.1" 304 - "http://localhost:3001/login" "Mozilla/5.0 (Windows NT 10.0) AppleWebKit/537.36 (KHTML, like Gecko) Chrome/52.0.2743.116 Safari/537.36"
::1 - - [Fri, 26 Aug 2016 18:14:31 GMT] "GET /bootstrap/js/bootstrap.min.js HTTP/1.1" 304 - "http://localhost:3001/login" "Mozilla/5.0 (Windows NT 10.0) AppleWebKit/537.36 (KHTML, like Gecko) Chrome/52.0.2743.116 Safari/537.36"
::1 - - [Fri, 26 Aug 2016 18:14:31 GMT] "GET /js/main.js HTTP/1.1" 304 - "http://localhost:3001/login" "Mozilla/5.0 (Windows NT 10.0) AppleWebKit/537.36 (KHTML, like Gecko) Chrome/52.0.2743.116 Safari/537.36"
::1 - - [Fri, 26 Aug 2016 18:34:04 GMT] "GET /login HTTP/1.1" 200 3844 "http://localhost:3001/" "Mozilla/5.0 (Windows NT 10.0) AppleWebKit/537.36 (KHTML, like Gecko) Chrome/52.0.2743.116 Safari/537.36"
::1 - - [Fri, 26 Aug 2016 18:34:04 GMT] "GET /bootstrap/css/bootstrap.min.css HTTP/1.1" 304 - "http://localhost:3001/login" "Mozilla/5.0 (Windows NT 10.0) AppleWebKit/537.36 (KHTML, like Gecko) Chrome/52.0.2743.116 Safari/537.36"
::1 - - [Fri, 26 Aug 2016 18:34:04 GMT] "GET /css/jquery.imgcrop.css HTTP/1.1" 304 - "http://localhost:3001/login" "Mozilla/5.0 (Windows NT 10.0) AppleWebKit/537.36 (KHTML, like Gecko) Chrome/52.0.2743.116 Safari/537.36"
::1 - - [Fri, 26 Aug 2016 18:34:04 GMT] "GET /css/main.css HTTP/1.1" 304 - "http://localhost:3001/login" "Mozilla/5.0 (Windows NT 10.0) AppleWebKit/537.36 (KHTML, like Gecko) Chrome/52.0.2743.116 Safari/537.36"
::1 - - [Fri, 26 Aug 2016 18:34:04 GMT] "GET /js/jquery-1.12.1.min.js HTTP/1.1" 304 - "http://localhost:3001/login" "Mozilla/5.0 (Windows NT 10.0) AppleWebKit/537.36 (KHTML, like Gecko) Chrome/52.0.2743.116 Safari/537.36"
::1 - - [Fri, 26 Aug 2016 18:34:04 GMT] "GET /js/main.js HTTP/1.1" 304 - "http://localhost:3001/login" "Mozilla/5.0 (Windows NT 10.0) AppleWebKit/537.36 (KHTML, like Gecko) Chrome/52.0.2743.116 Safari/537.36"
::1 - - [Fri, 26 Aug 2016 18:34:04 GMT] "GET /bootstrap/js/bootstrap.min.js HTTP/1.1" 304 - "http://localhost:3001/login" "Mozilla/5.0 (Windows NT 10.0) AppleWebKit/537.36 (KHTML, like Gecko) Chrome/52.0.2743.116 Safari/537.36"
::1 - - [Fri, 26 Aug 2016 18:34:08 GMT] "GET /login/github HTTP/1.1" 302 0 "http://localhost:3001/login" "Mozilla/5.0 (Windows NT 10.0) AppleWebKit/537.36 (KHTML, like Gecko) Chrome/52.0.2743.116 Safari/537.36"
::1 - - [Fri, 26 Aug 2016 18:34:10 GMT] "GET /login/github/callback?error=redirect_uri_mismatch&error_description=The+redirect_uri+MUST+match+the+registered+callback+URL+for+this+application.&error_uri=https%3A%2F%2Fdeveloper.github.com%2Fv3%2Foauth%2F%23redirect-uri-mismatch HTTP/1.1" 404 251 "http://localhost:3001/login" "Mozilla/5.0 (Windows NT 10.0) AppleWebKit/537.36 (KHTML, like Gecko) Chrome/52.0.2743.116 Safari/537.36"
::1 - - [Fri, 26 Aug 2016 18:39:41 GMT] "GET / HTTP/1.1" 304 - "http://localhost:3001/login" "Mozilla/5.0 (Windows NT 10.0) AppleWebKit/537.36 (KHTML, like Gecko) Chrome/52.0.2743.116 Safari/537.36"
::1 - - [Fri, 26 Aug 2016 18:39:41 GMT] "GET /bootstrap/css/bootstrap.min.css HTTP/1.1" 304 - "http://localhost:3001/" "Mozilla/5.0 (Windows NT 10.0) AppleWebKit/537.36 (KHTML, like Gecko) Chrome/52.0.2743.116 Safari/537.36"
::1 - - [Fri, 26 Aug 2016 18:39:41 GMT] "GET /css/jquery.imgcrop.css HTTP/1.1" 304 - "http://localhost:3001/" "Mozilla/5.0 (Windows NT 10.0) AppleWebKit/537.36 (KHTML, like Gecko) Chrome/52.0.2743.116 Safari/537.36"
::1 - - [Fri, 26 Aug 2016 18:39:41 GMT] "GET /css/main.css HTTP/1.1" 304 - "http://localhost:3001/" "Mozilla/5.0 (Windows NT 10.0) AppleWebKit/537.36 (KHTML, like Gecko) Chrome/52.0.2743.116 Safari/537.36"
::1 - - [Fri, 26 Aug 2016 18:39:41 GMT] "GET /js/jquery-1.12.1.min.js HTTP/1.1" 304 - "http://localhost:3001/" "Mozilla/5.0 (Windows NT 10.0) AppleWebKit/537.36 (KHTML, like Gecko) Chrome/52.0.2743.116 Safari/537.36"
::1 - - [Fri, 26 Aug 2016 18:39:41 GMT] "GET /bootstrap/js/bootstrap.min.js HTTP/1.1" 304 - "http://localhost:3001/" "Mozilla/5.0 (Windows NT 10.0) AppleWebKit/537.36 (KHTML, like Gecko) Chrome/52.0.2743.116 Safari/537.36"
::1 - - [Fri, 26 Aug 2016 18:39:41 GMT] "GET /js/main.js HTTP/1.1" 304 - "http://localhost:3001/" "Mozilla/5.0 (Windows NT 10.0) AppleWebKit/537.36 (KHTML, like Gecko) Chrome/52.0.2743.116 Safari/537.36"
::1 - - [Fri, 26 Aug 2016 18:39:41 GMT] "GET /default.jpg HTTP/1.1" 304 - "http://localhost:3001/" "Mozilla/5.0 (Windows NT 10.0) AppleWebKit/537.36 (KHTML, like Gecko) Chrome/52.0.2743.116 Safari/537.36"
::1 - - [Fri, 26 Aug 2016 18:39:41 GMT] "GET /bootstrap/fonts/glyphicons-halflings-regular.woff2 HTTP/1.1" 304 - "http://localhost:3001/" "Mozilla/5.0 (Windows NT 10.0) AppleWebKit/537.36 (KHTML, like Gecko) Chrome/52.0.2743.116 Safari/537.36"
::1 - - [Fri, 26 Aug 2016 18:39:43 GMT] "GET /tags HTTP/1.1" 304 - "http://localhost:3001/" "Mozilla/5.0 (Windows NT 10.0) AppleWebKit/537.36 (KHTML, like Gecko) Chrome/52.0.2743.116 Safari/537.36"
::1 - - [Fri, 26 Aug 2016 18:39:43 GMT] "GET /bootstrap/css/bootstrap.min.css HTTP/1.1" 304 - "http://localhost:3001/tags" "Mozilla/5.0 (Windows NT 10.0) AppleWebKit/537.36 (KHTML, like Gecko) Chrome/52.0.2743.116 Safari/537.36"
::1 - - [Fri, 26 Aug 2016 18:39:43 GMT] "GET /css/jquery.imgcrop.css HTTP/1.1" 304 - "http://localhost:3001/tags" "Mozilla/5.0 (Windows NT 10.0) AppleWebKit/537.36 (KHTML, like Gecko) Chrome/52.0.2743.116 Safari/537.36"
::1 - - [Fri, 26 Aug 2016 18:39:43 GMT] "GET /css/main.css HTTP/1.1" 304 - "http://localhost:3001/tags" "Mozilla/5.0 (Windows NT 10.0) AppleWebKit/537.36 (KHTML, like Gecko) Chrome/52.0.2743.116 Safari/537.36"
::1 - - [Fri, 26 Aug 2016 18:39:43 GMT] "GET /js/jquery-1.12.1.min.js HTTP/1.1" 304 - "http://localhost:3001/tags" "Mozilla/5.0 (Windows NT 10.0) AppleWebKit/537.36 (KHTML, like Gecko) Chrome/52.0.2743.116 Safari/537.36"
::1 - - [Fri, 26 Aug 2016 18:39:43 GMT] "GET /bootstrap/js/bootstrap.min.js HTTP/1.1" 304 - "http://localhost:3001/tags" "Mozilla/5.0 (Windows NT 10.0) AppleWebKit/537.36 (KHTML, like Gecko) Chrome/52.0.2743.116 Safari/537.36"
::1 - - [Fri, 26 Aug 2016 18:39:43 GMT] "GET /js/main.js HTTP/1.1" 304 - "http://localhost:3001/tags" "Mozilla/5.0 (Windows NT 10.0) AppleWebKit/537.36 (KHTML, like Gecko) Chrome/52.0.2743.116 Safari/537.36"
::1 - - [Fri, 26 Aug 2016 18:39:44 GMT] "GET /login HTTP/1.1" 304 - "http://localhost:3001/tags" "Mozilla/5.0 (Windows NT 10.0) AppleWebKit/537.36 (KHTML, like Gecko) Chrome/52.0.2743.116 Safari/537.36"
::1 - - [Fri, 26 Aug 2016 18:39:44 GMT] "GET /bootstrap/css/bootstrap.min.css HTTP/1.1" 304 - "http://localhost:3001/login" "Mozilla/5.0 (Windows NT 10.0) AppleWebKit/537.36 (KHTML, like Gecko) Chrome/52.0.2743.116 Safari/537.36"
::1 - - [Fri, 26 Aug 2016 18:39:44 GMT] "GET /css/jquery.imgcrop.css HTTP/1.1" 304 - "http://localhost:3001/login" "Mozilla/5.0 (Windows NT 10.0) AppleWebKit/537.36 (KHTML, like Gecko) Chrome/52.0.2743.116 Safari/537.36"
::1 - - [Fri, 26 Aug 2016 18:39:44 GMT] "GET /css/main.css HTTP/1.1" 304 - "http://localhost:3001/login" "Mozilla/5.0 (Windows NT 10.0) AppleWebKit/537.36 (KHTML, like Gecko) Chrome/52.0.2743.116 Safari/537.36"
::1 - - [Fri, 26 Aug 2016 18:39:44 GMT] "GET /js/jquery-1.12.1.min.js HTTP/1.1" 304 - "http://localhost:3001/login" "Mozilla/5.0 (Windows NT 10.0) AppleWebKit/537.36 (KHTML, like Gecko) Chrome/52.0.2743.116 Safari/537.36"
::1 - - [Fri, 26 Aug 2016 18:39:44 GMT] "GET /bootstrap/js/bootstrap.min.js HTTP/1.1" 304 - "http://localhost:3001/login" "Mozilla/5.0 (Windows NT 10.0) AppleWebKit/537.36 (KHTML, like Gecko) Chrome/52.0.2743.116 Safari/537.36"
::1 - - [Fri, 26 Aug 2016 18:39:44 GMT] "GET /js/main.js HTTP/1.1" 304 - "http://localhost:3001/login" "Mozilla/5.0 (Windows NT 10.0) AppleWebKit/537.36 (KHTML, like Gecko) Chrome/52.0.2743.116 Safari/537.36"
::1 - - [Fri, 26 Aug 2016 18:39:46 GMT] "GET /login/github HTTP/1.1" 302 0 "http://localhost:3001/login" "Mozilla/5.0 (Windows NT 10.0) AppleWebKit/537.36 (KHTML, like Gecko) Chrome/52.0.2743.116 Safari/537.36"
::1 - - [Fri, 26 Aug 2016 18:39:47 GMT] "GET /login/github/callback?error=redirect_uri_mismatch&error_description=The+redirect_uri+MUST+match+the+registered+callback+URL+for+this+application.&error_uri=https%3A%2F%2Fdeveloper.github.com%2Fv3%2Foauth%2F%23redirect-uri-mismatch HTTP/1.1" 404 251 "http://localhost:3001/login" "Mozilla/5.0 (Windows NT 10.0) AppleWebKit/537.36 (KHTML, like Gecko) Chrome/52.0.2743.116 Safari/537.36"
::1 - - [Fri, 26 Aug 2016 18:41:29 GMT] "GET /login/github HTTP/1.1" 302 0 "http://localhost:3001/login" "Mozilla/5.0 (Windows NT 10.0) AppleWebKit/537.36 (KHTML, like Gecko) Chrome/52.0.2743.116 Safari/537.36"
::1 - - [Fri, 26 Aug 2016 18:41:31 GMT] "GET /login/github/callback?error=redirect_uri_mismatch&error_description=The+redirect_uri+MUST+match+the+registered+callback+URL+for+this+application.&error_uri=https%3A%2F%2Fdeveloper.github.com%2Fv3%2Foauth%2F%23redirect-uri-mismatch HTTP/1.1" 404 251 "http://localhost:3001/login" "Mozilla/5.0 (Windows NT 10.0) AppleWebKit/537.36 (KHTML, like Gecko) Chrome/52.0.2743.116 Safari/537.36"
::1 - - [Fri, 26 Aug 2016 18:51:05 GMT] "GET /login HTTP/1.1" 304 - "http://localhost:3001/tags" "Mozilla/5.0 (Windows NT 10.0) AppleWebKit/537.36 (KHTML, like Gecko) Chrome/52.0.2743.116 Safari/537.36"
::1 - - [Fri, 26 Aug 2016 18:51:05 GMT] "GET /bootstrap/css/bootstrap.min.css HTTP/1.1" 304 - "http://localhost:3001/login" "Mozilla/5.0 (Windows NT 10.0) AppleWebKit/537.36 (KHTML, like Gecko) Chrome/52.0.2743.116 Safari/537.36"
::1 - - [Fri, 26 Aug 2016 18:51:05 GMT] "GET /css/jquery.imgcrop.css HTTP/1.1" 304 - "http://localhost:3001/login" "Mozilla/5.0 (Windows NT 10.0) AppleWebKit/537.36 (KHTML, like Gecko) Chrome/52.0.2743.116 Safari/537.36"
::1 - - [Fri, 26 Aug 2016 18:51:05 GMT] "GET /css/main.css HTTP/1.1" 304 - "http://localhost:3001/login" "Mozilla/5.0 (Windows NT 10.0) AppleWebKit/537.36 (KHTML, like Gecko) Chrome/52.0.2743.116 Safari/537.36"
::1 - - [Fri, 26 Aug 2016 18:51:05 GMT] "GET /js/main.js HTTP/1.1" 304 - "http://localhost:3001/login" "Mozilla/5.0 (Windows NT 10.0) AppleWebKit/537.36 (KHTML, like Gecko) Chrome/52.0.2743.116 Safari/537.36"
::1 - - [Fri, 26 Aug 2016 18:51:05 GMT] "GET /js/jquery-1.12.1.min.js HTTP/1.1" 304 - "http://localhost:3001/login" "Mozilla/5.0 (Windows NT 10.0) AppleWebKit/537.36 (KHTML, like Gecko) Chrome/52.0.2743.116 Safari/537.36"
::1 - - [Fri, 26 Aug 2016 18:51:05 GMT] "GET /bootstrap/js/bootstrap.min.js HTTP/1.1" 304 - "http://localhost:3001/login" "Mozilla/5.0 (Windows NT 10.0) AppleWebKit/537.36 (KHTML, like Gecko) Chrome/52.0.2743.116 Safari/537.36"
::1 - - [Fri, 26 Aug 2016 18:51:07 GMT] "GET /login/github HTTP/1.1" 302 0 "http://localhost:3001/login" "Mozilla/5.0 (Windows NT 10.0) AppleWebKit/537.36 (KHTML, like Gecko) Chrome/52.0.2743.116 Safari/537.36"
::1 - - [Fri, 26 Aug 2016 18:51:09 GMT] "GET /login/github/callback?error=redirect_uri_mismatch&error_description=The+redirect_uri+MUST+match+the+registered+callback+URL+for+this+application.&error_uri=https%3A%2F%2Fdeveloper.github.com%2Fv3%2Foauth%2F%23redirect-uri-mismatch HTTP/1.1" 404 251 "http://localhost:3001/login" "Mozilla/5.0 (Windows NT 10.0) AppleWebKit/537.36 (KHTML, like Gecko) Chrome/52.0.2743.116 Safari/537.36"
::1 - - [Fri, 26 Aug 2016 18:54:43 GMT] "GET /login/github HTTP/1.1" 302 0 "http://localhost:3001/login" "Mozilla/5.0 (Windows NT 10.0) AppleWebKit/537.36 (KHTML, like Gecko) Chrome/52.0.2743.116 Safari/537.36"
::1 - - [Fri, 26 Aug 2016 18:55:01 GMT] "GET /login/github/callback?code=ef8cfd82a1cc5d134502 HTTP/1.1" 404 60 "https://github.com/" "Mozilla/5.0 (Windows NT 10.0) AppleWebKit/537.36 (KHTML, like Gecko) Chrome/52.0.2743.116 Safari/537.36"
::1 - - [Fri, 26 Aug 2016 18:55:16 GMT] "GET /login/github/callback HTTP/1.1" 302 0 "-" "Mozilla/5.0 (Windows NT 10.0) AppleWebKit/537.36 (KHTML, like Gecko) Chrome/52.0.2743.116 Safari/537.36"
::1 - - [Fri, 26 Aug 2016 18:55:23 GMT] "GET /login/github/callback?code=438d52235dbf8f3a4111 HTTP/1.1" 404 60 "-" "Mozilla/5.0 (Windows NT 10.0) AppleWebKit/537.36 (KHTML, like Gecko) Chrome/52.0.2743.116 Safari/537.36"
::1 - - [Fri, 26 Aug 2016 19:00:12 GMT] "GET /login/github HTTP/1.1" 302 0 "http://localhost:3001/login" "Mozilla/5.0 (Windows NT 10.0) AppleWebKit/537.36 (KHTML, like Gecko) Chrome/52.0.2743.116 Safari/537.36"
::1 - - [Fri, 26 Aug 2016 19:00:18 GMT] "GET /login/github/callback?code=c4c8f69f4eab44ae4295 HTTP/1.1" 404 60 "http://localhost:3001/login" "Mozilla/5.0 (Windows NT 10.0) AppleWebKit/537.36 (KHTML, like Gecko) Chrome/52.0.2743.116 Safari/537.36"
::1 - - [Fri, 26 Aug 2016 19:19:45 GMT] "GET / HTTP/1.1" 304 - "http://localhost:3001/tags" "Mozilla/5.0 (Windows NT 10.0) AppleWebKit/537.36 (KHTML, like Gecko) Chrome/52.0.2743.116 Safari/537.36"
::1 - - [Fri, 26 Aug 2016 19:19:45 GMT] "GET /bootstrap/css/bootstrap.min.css HTTP/1.1" 304 - "http://localhost:3001/" "Mozilla/5.0 (Windows NT 10.0) AppleWebKit/537.36 (KHTML, like Gecko) Chrome/52.0.2743.116 Safari/537.36"
::1 - - [Fri, 26 Aug 2016 19:19:45 GMT] "GET /css/jquery.imgcrop.css HTTP/1.1" 304 - "http://localhost:3001/" "Mozilla/5.0 (Windows NT 10.0) AppleWebKit/537.36 (KHTML, like Gecko) Chrome/52.0.2743.116 Safari/537.36"
::1 - - [Fri, 26 Aug 2016 19:19:45 GMT] "GET /css/main.css HTTP/1.1" 304 - "http://localhost:3001/" "Mozilla/5.0 (Windows NT 10.0) AppleWebKit/537.36 (KHTML, like Gecko) Chrome/52.0.2743.116 Safari/537.36"
::1 - - [Fri, 26 Aug 2016 19:19:45 GMT] "GET /js/jquery-1.12.1.min.js HTTP/1.1" 304 - "http://localhost:3001/" "Mozilla/5.0 (Windows NT 10.0) AppleWebKit/537.36 (KHTML, like Gecko) Chrome/52.0.2743.116 Safari/537.36"
::1 - - [Fri, 26 Aug 2016 19:19:45 GMT] "GET /js/main.js HTTP/1.1" 304 - "http://localhost:3001/" "Mozilla/5.0 (Windows NT 10.0) AppleWebKit/537.36 (KHTML, like Gecko) Chrome/52.0.2743.116 Safari/537.36"
::1 - - [Fri, 26 Aug 2016 19:19:45 GMT] "GET /bootstrap/js/bootstrap.min.js HTTP/1.1" 304 - "http://localhost:3001/" "Mozilla/5.0 (Windows NT 10.0) AppleWebKit/537.36 (KHTML, like Gecko) Chrome/52.0.2743.116 Safari/537.36"
::1 - - [Fri, 26 Aug 2016 19:19:45 GMT] "GET /default.jpg HTTP/1.1" 304 - "http://localhost:3001/" "Mozilla/5.0 (Windows NT 10.0) AppleWebKit/537.36 (KHTML, like Gecko) Chrome/52.0.2743.116 Safari/537.36"
::1 - - [Fri, 26 Aug 2016 19:19:45 GMT] "GET /bootstrap/fonts/glyphicons-halflings-regular.woff2 HTTP/1.1" 304 - "http://localhost:3001/" "Mozilla/5.0 (Windows NT 10.0) AppleWebKit/537.36 (KHTML, like Gecko) Chrome/52.0.2743.116 Safari/537.36"
::1 - - [Fri, 26 Aug 2016 19:19:46 GMT] "GET /tags HTTP/1.1" 304 - "http://localhost:3001/" "Mozilla/5.0 (Windows NT 10.0) AppleWebKit/537.36 (KHTML, like Gecko) Chrome/52.0.2743.116 Safari/537.36"
::1 - - [Fri, 26 Aug 2016 19:19:46 GMT] "GET /bootstrap/css/bootstrap.min.css HTTP/1.1" 304 - "http://localhost:3001/tags" "Mozilla/5.0 (Windows NT 10.0) AppleWebKit/537.36 (KHTML, like Gecko) Chrome/52.0.2743.116 Safari/537.36"
::1 - - [Fri, 26 Aug 2016 19:19:46 GMT] "GET /css/jquery.imgcrop.css HTTP/1.1" 304 - "http://localhost:3001/tags" "Mozilla/5.0 (Windows NT 10.0) AppleWebKit/537.36 (KHTML, like Gecko) Chrome/52.0.2743.116 Safari/537.36"
::1 - - [Fri, 26 Aug 2016 19:19:46 GMT] "GET /css/main.css HTTP/1.1" 304 - "http://localhost:3001/tags" "Mozilla/5.0 (Windows NT 10.0) AppleWebKit/537.36 (KHTML, like Gecko) Chrome/52.0.2743.116 Safari/537.36"
::1 - - [Fri, 26 Aug 2016 19:19:46 GMT] "GET /js/jquery-1.12.1.min.js HTTP/1.1" 304 - "http://localhost:3001/tags" "Mozilla/5.0 (Windows NT 10.0) AppleWebKit/537.36 (KHTML, like Gecko) Chrome/52.0.2743.116 Safari/537.36"
::1 - - [Fri, 26 Aug 2016 19:19:46 GMT] "GET /bootstrap/js/bootstrap.min.js HTTP/1.1" 304 - "http://localhost:3001/tags" "Mozilla/5.0 (Windows NT 10.0) AppleWebKit/537.36 (KHTML, like Gecko) Chrome/52.0.2743.116 Safari/537.36"
::1 - - [Fri, 26 Aug 2016 19:19:46 GMT] "GET /js/main.js HTTP/1.1" 304 - "http://localhost:3001/tags" "Mozilla/5.0 (Windows NT 10.0) AppleWebKit/537.36 (KHTML, like Gecko) Chrome/52.0.2743.116 Safari/537.36"
::1 - - [Fri, 26 Aug 2016 19:19:47 GMT] "GET /login HTTP/1.1" 304 - "http://localhost:3001/tags" "Mozilla/5.0 (Windows NT 10.0) AppleWebKit/537.36 (KHTML, like Gecko) Chrome/52.0.2743.116 Safari/537.36"
::1 - - [Fri, 26 Aug 2016 19:19:47 GMT] "GET /bootstrap/css/bootstrap.min.css HTTP/1.1" 304 - "http://localhost:3001/login" "Mozilla/5.0 (Windows NT 10.0) AppleWebKit/537.36 (KHTML, like Gecko) Chrome/52.0.2743.116 Safari/537.36"
::1 - - [Fri, 26 Aug 2016 19:19:47 GMT] "GET /css/jquery.imgcrop.css HTTP/1.1" 304 - "http://localhost:3001/login" "Mozilla/5.0 (Windows NT 10.0) AppleWebKit/537.36 (KHTML, like Gecko) Chrome/52.0.2743.116 Safari/537.36"
::1 - - [Fri, 26 Aug 2016 19:19:47 GMT] "GET /css/main.css HTTP/1.1" 304 - "http://localhost:3001/login" "Mozilla/5.0 (Windows NT 10.0) AppleWebKit/537.36 (KHTML, like Gecko) Chrome/52.0.2743.116 Safari/537.36"
::1 - - [Fri, 26 Aug 2016 19:19:47 GMT] "GET /js/jquery-1.12.1.min.js HTTP/1.1" 304 - "http://localhost:3001/login" "Mozilla/5.0 (Windows NT 10.0) AppleWebKit/537.36 (KHTML, like Gecko) Chrome/52.0.2743.116 Safari/537.36"
::1 - - [Fri, 26 Aug 2016 19:19:47 GMT] "GET /bootstrap/js/bootstrap.min.js HTTP/1.1" 304 - "http://localhost:3001/login" "Mozilla/5.0 (Windows NT 10.0) AppleWebKit/537.36 (KHTML, like Gecko) Chrome/52.0.2743.116 Safari/537.36"
::1 - - [Fri, 26 Aug 2016 19:19:47 GMT] "GET /js/main.js HTTP/1.1" 304 - "http://localhost:3001/login" "Mozilla/5.0 (Windows NT 10.0) AppleWebKit/537.36 (KHTML, like Gecko) Chrome/52.0.2743.116 Safari/537.36"
::1 - - [Fri, 26 Aug 2016 19:19:49 GMT] "GET /login/github HTTP/1.1" 302 0 "http://localhost:3001/login" "Mozilla/5.0 (Windows NT 10.0) AppleWebKit/537.36 (KHTML, like Gecko) Chrome/52.0.2743.116 Safari/537.36"
::1 - - [Fri, 26 Aug 2016 19:24:43 GMT] "GET /login HTTP/1.1" 304 - "http://localhost:3001/tags" "Mozilla/5.0 (Windows NT 10.0) AppleWebKit/537.36 (KHTML, like Gecko) Chrome/52.0.2743.116 Safari/537.36"
::1 - - [Fri, 26 Aug 2016 19:24:44 GMT] "GET /bootstrap/css/bootstrap.min.css HTTP/1.1" 304 - "http://localhost:3001/login" "Mozilla/5.0 (Windows NT 10.0) AppleWebKit/537.36 (KHTML, like Gecko) Chrome/52.0.2743.116 Safari/537.36"
::1 - - [Fri, 26 Aug 2016 19:24:44 GMT] "GET /css/jquery.imgcrop.css HTTP/1.1" 304 - "http://localhost:3001/login" "Mozilla/5.0 (Windows NT 10.0) AppleWebKit/537.36 (KHTML, like Gecko) Chrome/52.0.2743.116 Safari/537.36"
::1 - - [Fri, 26 Aug 2016 19:24:44 GMT] "GET /css/main.css HTTP/1.1" 304 - "http://localhost:3001/login" "Mozilla/5.0 (Windows NT 10.0) AppleWebKit/537.36 (KHTML, like Gecko) Chrome/52.0.2743.116 Safari/537.36"
::1 - - [Fri, 26 Aug 2016 19:24:44 GMT] "GET /js/jquery-1.12.1.min.js HTTP/1.1" 304 - "http://localhost:3001/login" "Mozilla/5.0 (Windows NT 10.0) AppleWebKit/537.36 (KHTML, like Gecko) Chrome/52.0.2743.116 Safari/537.36"
::1 - - [Fri, 26 Aug 2016 19:24:44 GMT] "GET /bootstrap/js/bootstrap.min.js HTTP/1.1" 304 - "http://localhost:3001/login" "Mozilla/5.0 (Windows NT 10.0) AppleWebKit/537.36 (KHTML, like Gecko) Chrome/52.0.2743.116 Safari/537.36"
::1 - - [Fri, 26 Aug 2016 19:24:44 GMT] "GET /js/main.js HTTP/1.1" 304 - "http://localhost:3001/login" "Mozilla/5.0 (Windows NT 10.0) AppleWebKit/537.36 (KHTML, like Gecko) Chrome/52.0.2743.116 Safari/537.36"
::1 - - [Fri, 26 Aug 2016 19:24:45 GMT] "GET /login/github HTTP/1.1" 302 0 "http://localhost:3001/login" "Mozilla/5.0 (Windows NT 10.0) AppleWebKit/537.36 (KHTML, like Gecko) Chrome/52.0.2743.116 Safari/537.36"
::1 - - [Fri, 26 Aug 2016 19:25:33 GMT] "GET /login/github HTTP/1.1" 302 0 "http://localhost:3001/login" "Mozilla/5.0 (Windows NT 10.0) AppleWebKit/537.36 (KHTML, like Gecko) Chrome/52.0.2743.116 Safari/537.36"
::1 - - [Fri, 26 Aug 2016 19:25:43 GMT] "GET /login/github/callback?code=4fe51b27d7662d2bf915 HTTP/1.1" 302 56 "http://localhost:3001/login" "Mozilla/5.0 (Windows NT 10.0) AppleWebKit/537.36 (KHTML, like Gecko) Chrome/52.0.2743.116 Safari/537.36"
::1 - - [Fri, 26 Aug 2016 19:25:43 GMT] "GET /login HTTP/1.1" 304 - "http://localhost:3001/login" "Mozilla/5.0 (Windows NT 10.0) AppleWebKit/537.36 (KHTML, like Gecko) Chrome/52.0.2743.116 Safari/537.36"
::1 - - [Fri, 26 Aug 2016 19:25:43 GMT] "GET /bootstrap/css/bootstrap.min.css HTTP/1.1" 304 - "http://localhost:3001/login" "Mozilla/5.0 (Windows NT 10.0) AppleWebKit/537.36 (KHTML, like Gecko) Chrome/52.0.2743.116 Safari/537.36"
::1 - - [Fri, 26 Aug 2016 19:25:43 GMT] "GET /css/jquery.imgcrop.css HTTP/1.1" 304 - "http://localhost:3001/login" "Mozilla/5.0 (Windows NT 10.0) AppleWebKit/537.36 (KHTML, like Gecko) Chrome/52.0.2743.116 Safari/537.36"
::1 - - [Fri, 26 Aug 2016 19:25:43 GMT] "GET /css/main.css HTTP/1.1" 304 - "http://localhost:3001/login" "Mozilla/5.0 (Windows NT 10.0) AppleWebKit/537.36 (KHTML, like Gecko) Chrome/52.0.2743.116 Safari/537.36"
::1 - - [Fri, 26 Aug 2016 19:25:43 GMT] "GET /js/jquery-1.12.1.min.js HTTP/1.1" 304 - "http://localhost:3001/login" "Mozilla/5.0 (Windows NT 10.0) AppleWebKit/537.36 (KHTML, like Gecko) Chrome/52.0.2743.116 Safari/537.36"
::1 - - [Fri, 26 Aug 2016 19:25:43 GMT] "GET /bootstrap/js/bootstrap.min.js HTTP/1.1" 304 - "http://localhost:3001/login" "Mozilla/5.0 (Windows NT 10.0) AppleWebKit/537.36 (KHTML, like Gecko) Chrome/52.0.2743.116 Safari/537.36"
::1 - - [Fri, 26 Aug 2016 19:25:43 GMT] "GET /js/main.js HTTP/1.1" 304 - "http://localhost:3001/login" "Mozilla/5.0 (Windows NT 10.0) AppleWebKit/537.36 (KHTML, like Gecko) Chrome/52.0.2743.116 Safari/537.36"
::1 - - [Fri, 26 Aug 2016 19:26:10 GMT] "GET /login HTTP/1.1" 304 - "http://localhost:3001/login" "Mozilla/5.0 (Windows NT 10.0) AppleWebKit/537.36 (KHTML, like Gecko) Chrome/52.0.2743.116 Safari/537.36"
::1 - - [Fri, 26 Aug 2016 19:26:10 GMT] "GET /bootstrap/css/bootstrap.min.css HTTP/1.1" 304 - "http://localhost:3001/login" "Mozilla/5.0 (Windows NT 10.0) AppleWebKit/537.36 (KHTML, like Gecko) Chrome/52.0.2743.116 Safari/537.36"
::1 - - [Fri, 26 Aug 2016 19:26:10 GMT] "GET /css/jquery.imgcrop.css HTTP/1.1" 304 - "http://localhost:3001/login" "Mozilla/5.0 (Windows NT 10.0) AppleWebKit/537.36 (KHTML, like Gecko) Chrome/52.0.2743.116 Safari/537.36"
::1 - - [Fri, 26 Aug 2016 19:26:10 GMT] "GET /css/main.css HTTP/1.1" 304 - "http://localhost:3001/login" "Mozilla/5.0 (Windows NT 10.0) AppleWebKit/537.36 (KHTML, like Gecko) Chrome/52.0.2743.116 Safari/537.36"
::1 - - [Fri, 26 Aug 2016 19:26:10 GMT] "GET /js/jquery-1.12.1.min.js HTTP/1.1" 304 - "http://localhost:3001/login" "Mozilla/5.0 (Windows NT 10.0) AppleWebKit/537.36 (KHTML, like Gecko) Chrome/52.0.2743.116 Safari/537.36"
::1 - - [Fri, 26 Aug 2016 19:26:10 GMT] "GET /js/main.js HTTP/1.1" 304 - "http://localhost:3001/login" "Mozilla/5.0 (Windows NT 10.0) AppleWebKit/537.36 (KHTML, like Gecko) Chrome/52.0.2743.116 Safari/537.36"
::1 - - [Fri, 26 Aug 2016 19:26:10 GMT] "GET /bootstrap/js/bootstrap.min.js HTTP/1.1" 304 - "http://localhost:3001/login" "Mozilla/5.0 (Windows NT 10.0) AppleWebKit/537.36 (KHTML, like Gecko) Chrome/52.0.2743.116 Safari/537.36"
::1 - - [Fri, 26 Aug 2016 19:26:12 GMT] "GET /login/github HTTP/1.1" 302 0 "http://localhost:3001/login" "Mozilla/5.0 (Windows NT 10.0) AppleWebKit/537.36 (KHTML, like Gecko) Chrome/52.0.2743.116 Safari/537.36"
::1 - - [Fri, 26 Aug 2016 19:26:18 GMT] "GET /login/github/callback?code=999623a81138a51d3d2c HTTP/1.1" 404 60 "http://localhost:3001/login" "Mozilla/5.0 (Windows NT 10.0) AppleWebKit/537.36 (KHTML, like Gecko) Chrome/52.0.2743.116 Safari/537.36"
::1 - - [Fri, 26 Aug 2016 19:28:34 GMT] "GET /login HTTP/1.1" 304 - "-" "Mozilla/5.0 (Windows NT 10.0) AppleWebKit/537.36 (KHTML, like Gecko) Chrome/52.0.2743.116 Safari/537.36"
::1 - - [Fri, 26 Aug 2016 19:28:34 GMT] "GET /bootstrap/css/bootstrap.min.css HTTP/1.1" 304 - "http://localhost:3001/login" "Mozilla/5.0 (Windows NT 10.0) AppleWebKit/537.36 (KHTML, like Gecko) Chrome/52.0.2743.116 Safari/537.36"
::1 - - [Fri, 26 Aug 2016 19:28:34 GMT] "GET /css/main.css HTTP/1.1" 304 - "http://localhost:3001/login" "Mozilla/5.0 (Windows NT 10.0) AppleWebKit/537.36 (KHTML, like Gecko) Chrome/52.0.2743.116 Safari/537.36"
::1 - - [Fri, 26 Aug 2016 19:28:34 GMT] "GET /js/jquery-1.12.1.min.js HTTP/1.1" 304 - "http://localhost:3001/login" "Mozilla/5.0 (Windows NT 10.0) AppleWebKit/537.36 (KHTML, like Gecko) Chrome/52.0.2743.116 Safari/537.36"
::1 - - [Fri, 26 Aug 2016 19:28:34 GMT] "GET /bootstrap/js/bootstrap.min.js HTTP/1.1" 304 - "http://localhost:3001/login" "Mozilla/5.0 (Windows NT 10.0) AppleWebKit/537.36 (KHTML, like Gecko) Chrome/52.0.2743.116 Safari/537.36"
::1 - - [Fri, 26 Aug 2016 19:28:34 GMT] "GET /css/jquery.imgcrop.css HTTP/1.1" 304 - "http://localhost:3001/login" "Mozilla/5.0 (Windows NT 10.0) AppleWebKit/537.36 (KHTML, like Gecko) Chrome/52.0.2743.116 Safari/537.36"
::1 - - [Fri, 26 Aug 2016 19:28:34 GMT] "GET /js/main.js HTTP/1.1" 304 - "http://localhost:3001/login" "Mozilla/5.0 (Windows NT 10.0) AppleWebKit/537.36 (KHTML, like Gecko) Chrome/52.0.2743.116 Safari/537.36"
::1 - - [Fri, 26 Aug 2016 19:28:35 GMT] "GET /login/github HTTP/1.1" 302 0 "http://localhost:3001/login" "Mozilla/5.0 (Windows NT 10.0) AppleWebKit/537.36 (KHTML, like Gecko) Chrome/52.0.2743.116 Safari/537.36"
::ffff:127.0.0.1 - - [Fri, 26 Aug 2016 19:28:59 GMT] "GET /login/github/callback?code=3f1ec41d59ef3217e9f1 HTTP/1.1" 404 60 "-" "Mozilla/5.0 (Windows NT 10.0) AppleWebKit/537.36 (KHTML, like Gecko) Chrome/52.0.2743.116 Safari/537.36"
